#2026 04 25 20:36:04.630#Z#DEBUG#2db4431f-40e6-11f1-86c8-eeee0a862934.tms-cockpit-srv#flowable-async-job-executor-thread-9237#
[PollStageAppStatusExecution] ca7dbefe-d26b-4ced-a8ea-65938265c9d1 [2026-04-25T20:16:32.477865] Using default npm version: 11.6.2 (STDOUT, STG)#
#2026 04 25 20:36:04.630#Z#DEBUG#2db4431f-40e6-11f1-86c8-eeee0a862934.tms-cockpit-srv#flowable-async-job-executor-thread-9237#
[PollStageAppStatusExecution] ca7dbefe-d26b-4ced-a8ea-65938265c9d1 [2026-04-25T20:16:32.477888] -----> Installing yarn 1.22.22 (STDOUT, STG)#
#2026 04 25 20:36:04.630#Z#DEBUG#2db4431f-40e6-11f1-86c8-eeee0a862934.tms-cockpit-srv#flowable-async-job-executor-thread-9237#
[PollStageAppStatusExecution] ca7dbefe-d26b-4ced-a8ea-65938265c9d1 [2026-04-25T20:16:32.477901] Copy [/tmp/buildpacks/978cee5ec9c58000/dependencies/e3a39aedd1236924d69cc2d0637a8ed2/yarn_1.22.22_linux_noarch_any-stack_4911d0a6.tgz] (STDOUT, STG)#
#2026 04 25 20:36:04.630#Z#DEBUG#2db4431f-40e6-11f1-86c8-eeee0a862934.tms-cockpit-srv#flowable-async-job-executor-thread-9237#
[PollStageAppStatusExecution] ca7dbefe-d26b-4ced-a8ea-65938265c9d1 [2026-04-25T20:16:32.730812] Installed yarn 1.22.22 (STDOUT, STG)#
#2026 04 25 20:36:04.630#Z#DEBUG#2db4431f-40e6-11f1-86c8-eeee0a862934.tms-cockpit-srv#flowable-async-job-executor-thread-9237#
[PollStageAppStatusExecution] ca7dbefe-d26b-4ced-a8ea-65938265c9d1 [2026-04-25T20:16:32.730845] -----> Creating runtime environment (STDOUT, STG)#
#2026 04 25 20:36:04.630#Z#DEBUG#2db4431f-40e6-11f1-86c8-eeee0a862934.tms-cockpit-srv#flowable-async-job-executor-thread-9237#
[PollStageAppStatusExecution] ca7dbefe-d26b-4ced-a8ea-65938265c9d1 [2026-04-25T20:16:32.732619] NODE_ENV=production (STDOUT, STG)#
#2026 04 25 20:36:04.630#Z#DEBUG#2db4431f-40e6-11f1-86c8-eeee0a862934.tms-cockpit-srv#flowable-async-job-executor-thread-9237#
[PollStageAppStatusExecution] ca7dbefe-d26b-4ced-a8ea-65938265c9d1 [2026-04-25T20:16:32.732629] NODE_HOME=/tmp/contents40476401/deps/0/node (STDOUT, STG)#
#2026 04 25 20:36:04.630#Z#DEBUG#2db4431f-40e6-11f1-86c8-eeee0a862934.tms-cockpit-srv#flowable-async-job-executor-thread-9237#
[PollStageAppStatusExecution] ca7dbefe-d26b-4ced-a8ea-65938265c9d1 [2026-04-25T20:16:32.732634] NODE_MODULES_CACHE=true (STDOUT, STG)#
#2026 04 25 20:36:04.630#Z#DEBUG#2db4431f-40e6-11f1-86c8-eeee0a862934.tms-cockpit-srv#flowable-async-job-executor-thread-9237#
[PollStageAppStatusExecution] ca7dbefe-d26b-4ced-a8ea-65938265c9d1 [2026-04-25T20:16:32.732636] NODE_VERBOSE=false (STDOUT, STG)#
#2026 04 25 20:36:04.630#Z#DEBUG#2db4431f-40e6-11f1-86c8-eeee0a862934.tms-cockpit-srv#flowable-async-job-executor-thread-9237#
[PollStageAppStatusExecution] ca7dbefe-d26b-4ced-a8ea-65938265c9d1 [2026-04-25T20:16:32.732638] NPM_CONFIG_LOGLEVEL=error (STDOUT, STG)#
#2026 04 25 20:36:04.630#Z#DEBUG#2db4431f-40e6-11f1-86c8-eeee0a862934.tms-cockpit-srv#flowable-async-job-executor-thread-9237#
[PollStageAppStatusExecution] ca7dbefe-d26b-4ced-a8ea-65938265c9d1 [2026-04-25T20:16:32.732640] NPM_CONFIG_PRODUCTION=true (STDOUT, STG)#
#2026 04 25 20:36:04.630#Z#DEBUG#2db4431f-40e6-11f1-86c8-eeee0a862934.tms-cockpit-srv#flowable-async-job-executor-thread-9237#
[PollStageAppStatusExecution] ca7dbefe-d26b-4ced-a8ea-65938265c9d1 [2026-04-25T20:16:32.732651] -----> Building dependencies (STDOUT, STG)#
#2026 04 25 20:36:04.630#Z#DEBUG#2db4431f-40e6-11f1-86c8-eeee0a862934.tms-cockpit-srv#flowable-async-job-executor-thread-9237#
[PollStageAppStatusExecution] ca7dbefe-d26b-4ced-a8ea-65938265c9d1 [2026-04-25T20:16:32.732653] Prebuild detected (node_modules already exists) (STDOUT, STG)#
#2026 04 25 20:36:04.630#Z#DEBUG#2db4431f-40e6-11f1-86c8-eeee0a862934.tms-cockpit-srv#flowable-async-job-executor-thread-9237#
[PollStageAppStatusExecution] ca7dbefe-d26b-4ced-a8ea-65938265c9d1 [2026-04-25T20:16:32.732701] Rebuilding any native modules (STDOUT, STG)#
#2026 04 25 20:36:04.630#Z#DEBUG#2db4431f-40e6-11f1-86c8-eeee0a862934.tms-cockpit-srv#flowable-async-job-executor-thread-9237#
[PollStageAppStatusExecution] ca7dbefe-d26b-4ced-a8ea-65938265c9d1 [2026-04-25T20:16:33.462038] rebuilt dependencies successfully (STDOUT, STG)#
#2026 04 25 20:36:04.630#Z#DEBUG#2db4431f-40e6-11f1-86c8-eeee0a862934.tms-cockpit-srv#flowable-async-job-executor-thread-9237#
[PollStageAppStatusExecution] ca7dbefe-d26b-4ced-a8ea-65938265c9d1 [2026-04-25T20:16:33.464330] npm notice (STDOUT, STG)#
#2026 04 25 20:36:04.630#Z#DEBUG#2db4431f-40e6-11f1-86c8-eeee0a862934.tms-cockpit-srv#flowable-async-job-executor-thread-9237#
[PollStageAppStatusExecution] ca7dbefe-d26b-4ced-a8ea-65938265c9d1 [2026-04-25T20:16:33.464343] npm notice New minor version of npm available! 11.6.2 -> 11.13.0 (STDOUT, STG)#
#2026 04 25 20:36:04.630#Z#DEBUG#2db4431f-40e6-11f1-86c8-eeee0a862934.tms-cockpit-srv#flowable-async-job-executor-thread-9237#
[PollStageAppStatusExecution] ca7dbefe-d26b-4ced-a8ea-65938265c9d1 [2026-04-25T20:16:33.464347] npm notice Changelog: https://github.com/npm/cli/releases/tag/v11.13.0 (STDOUT, STG)#
#2026 04 25 20:36:04.630#Z#DEBUG#2db4431f-40e6-11f1-86c8-eeee0a862934.tms-cockpit-srv#flowable-async-job-executor-thread-9237#
[PollStageAppStatusExecution] ca7dbefe-d26b-4ced-a8ea-65938265c9d1 [2026-04-25T20:16:33.464349] npm notice To update run: npm install -g npm@11.13.0 (STDOUT, STG)#
#2026 04 25 20:36:04.630#Z#DEBUG#2db4431f-40e6-11f1-86c8-eeee0a862934.tms-cockpit-srv#flowable-async-job-executor-thread-9237#
[PollStageAppStatusExecution] ca7dbefe-d26b-4ced-a8ea-65938265c9d1 [2026-04-25T20:16:33.464351] npm notice (STDOUT, STG)#
#2026 04 25 20:36:04.630#Z#DEBUG#2db4431f-40e6-11f1-86c8-eeee0a862934.tms-cockpit-srv#flowable-async-job-executor-thread-9237#
[PollStageAppStatusExecution] ca7dbefe-d26b-4ced-a8ea-65938265c9d1 [2026-04-25T20:16:33.521544] Installing any new modules (package.json + package-lock.json) (STDOUT, STG)#
#2026 04 25 20:36:04.630#Z#DEBUG#2db4431f-40e6-11f1-86c8-eeee0a862934.tms-cockpit-srv#flowable-async-job-executor-thread-9237#
[PollStageAppStatusExecution] ca7dbefe-d26b-4ced-a8ea-65938265c9d1 [2026-04-25T20:16:34.394811] removed 14 packages in 814ms (STDOUT, STG)#
#2026 04 25 20:36:04.630#Z#DEBUG#2db4431f-40e6-11f1-86c8-eeee0a862934.tms-cockpit-srv#flowable-async-job-executor-thread-9237#
[PollStageAppStatusExecution] ca7dbefe-d26b-4ced-a8ea-65938265c9d1 [2026-04-25T20:16:34.395044] 46 packages are looking for funding (STDOUT, STG)#
#2026 04 25 20:36:04.630#Z#DEBUG#2db4431f-40e6-11f1-86c8-eeee0a862934.tms-cockpit-srv#flowable-async-job-executor-thread-9237#
[PollStageAppStatusExecution] ca7dbefe-d26b-4ced-a8ea-65938265c9d1 [2026-04-25T20:16:34.395067] run `npm fund` for details (STDOUT, STG)#
#2026 04 25 20:36:04.630#Z#DEBUG#2db4431f-40e6-11f1-86c8-eeee0a862934.tms-cockpit-srv#flowable-async-job-executor-thread-9237#
[PollStageAppStatusExecution] ca7dbefe-d26b-4ced-a8ea-65938265c9d1 [2026-04-25T20:16:35.955092] Contrast Security no credentials found. Will not write environment files. (STDOUT, STG)#
#2026 04 25 20:36:04.630#Z#DEBUG#2db4431f-40e6-11f1-86c8-eeee0a862934.tms-cockpit-srv#flowable-async-job-executor-thread-9237#
[PollStageAppStatusExecution] ca7dbefe-d26b-4ced-a8ea-65938265c9d1 [2026-04-25T20:16:47.179273] Exit status 0 (STDOUT, STG)#
#2026 04 25 20:36:04.630#Z#DEBUG#2db4431f-40e6-11f1-86c8-eeee0a862934.tms-cockpit-srv#flowable-async-job-executor-thread-9237#
[PollStageAppStatusExecution] ca7dbefe-d26b-4ced-a8ea-65938265c9d1 [2026-04-25T20:16:47.179333] Uploading droplet, build artifacts cache... (STDOUT, STG)#
#2026 04 25 20:36:04.630#Z#DEBUG#2db4431f-40e6-11f1-86c8-eeee0a862934.tms-cockpit-srv#flowable-async-job-executor-thread-9237#
[PollStageAppStatusExecution] ca7dbefe-d26b-4ced-a8ea-65938265c9d1 [2026-04-25T20:16:47.179407] Uploading build artifacts cache... (STDOUT, STG)#
#2026 04 25 20:36:04.630#Z#DEBUG#2db4431f-40e6-11f1-86c8-eeee0a862934.tms-cockpit-srv#flowable-async-job-executor-thread-9237#
[PollStageAppStatusExecution] ca7dbefe-d26b-4ced-a8ea-65938265c9d1 [2026-04-25T20:16:47.179426] Uploading droplet... (STDOUT, STG)#
#2026 04 25 20:36:04.630#Z#DEBUG#2db4431f-40e6-11f1-86c8-eeee0a862934.tms-cockpit-srv#flowable-async-job-executor-thread-9237#
[PollStageAppStatusExecution] ca7dbefe-d26b-4ced-a8ea-65938265c9d1 [2026-04-25T20:16:47.194246] Uploaded build artifacts cache (226B) (STDOUT, STG)#
#2026 04 25 20:36:04.630#Z#DEBUG#2db4431f-40e6-11f1-86c8-eeee0a862934.tms-cockpit-srv#flowable-async-job-executor-thread-9237#
[PollStageAppStatusExecution] ca7dbefe-d26b-4ced-a8ea-65938265c9d1 [2026-04-25T20:16:47.887967] Creating droplet for app with guid ca7dbefe-d26b-4ced-a8ea-65938265c9d1 (STDOUT, API)#
#2026 04 25 20:36:04.630#Z#DEBUG#2db4431f-40e6-11f1-86c8-eeee0a862934.tms-cockpit-srv#flowable-async-job-executor-thread-9237#
[PollStageAppStatusExecution] ca7dbefe-d26b-4ced-a8ea-65938265c9d1 [2026-04-25T20:16:51.963285] Uploaded droplet (70.5M) (STDOUT, STG)#
#2026 04 25 20:36:04.630#Z#DEBUG#2db4431f-40e6-11f1-86c8-eeee0a862934.tms-cockpit-srv#flowable-async-job-executor-thread-9237#
[PollStageAppStatusExecution] ca7dbefe-d26b-4ced-a8ea-65938265c9d1 [2026-04-25T20:16:51.979412] Uploading complete (STDOUT, STG)#
#2026 04 25 20:36:04.630#Z#DEBUG#2db4431f-40e6-11f1-86c8-eeee0a862934.tms-cockpit-srv#flowable-async-job-executor-thread-9237#
[PollStageAppStatusExecution] ca7dbefe-d26b-4ced-a8ea-65938265c9d1 [2026-04-25T20:16:52.668821] Cell ac44df1a-0057-4013-905b-66641d34b750 stopping instance 78328ac8-396c-49b2-869f-d177c1692409 (STDOUT, STG)#
#2026 04 25 20:36:04.630#Z#DEBUG#2db4431f-40e6-11f1-86c8-eeee0a862934.tms-cockpit-srv#flowable-async-job-executor-thread-9237#
[PollStageAppStatusExecution] ca7dbefe-d26b-4ced-a8ea-65938265c9d1 [2026-04-25T20:16:52.668921] Cell ac44df1a-0057-4013-905b-66641d34b750 destroying container for instance 78328ac8-396c-49b2-869f-d177c1692409 (STDOUT, STG)#
#2026 04 25 20:36:04.630#Z#DEBUG#2db4431f-40e6-11f1-86c8-eeee0a862934.tms-cockpit-srv#flowable-async-job-executor-thread-9237#
[PollStageAppStatusExecution] ca7dbefe-d26b-4ced-a8ea-65938265c9d1 [2026-04-25T20:16:52.723918] Staging complete for build 78328ac8-396c-49b2-869f-d177c1692409 (STDOUT, API)#
#2026 04 25 20:36:04.630#Z#DEBUG#2db4431f-40e6-11f1-86c8-eeee0a862934.tms-cockpit-srv#flowable-async-job-executor-thread-9237#
[PollStageAppStatusExecution] ca7dbefe-d26b-4ced-a8ea-65938265c9d1 [2026-04-25T20:16:53.406792] Updated app with guid ca7dbefe-d26b-4ced-a8ea-65938265c9d1 ({:droplet_guid=>"7a716db8-20a4-46b2-8706-0d0395a759d3"}) (STDOUT, API)#
#2026 04 25 20:36:04.630#Z#DEBUG#2db4431f-40e6-11f1-86c8-eeee0a862934.tms-cockpit-srv#flowable-async-job-executor-thread-9237#
[PollStageAppStatusExecution] ca7dbefe-d26b-4ced-a8ea-65938265c9d1 [2026-04-25T20:16:53.597023] Creating revision for app with guid ca7dbefe-d26b-4ced-a8ea-65938265c9d1 (STDOUT, API)#
#2026 04 25 20:36:04.630#Z#DEBUG#2db4431f-40e6-11f1-86c8-eeee0a862934.tms-cockpit-srv#flowable-async-job-executor-thread-9237#
[PollStageAppStatusExecution] ca7dbefe-d26b-4ced-a8ea-65938265c9d1 [2026-04-25T20:16:53.634042] Starting app with guid ca7dbefe-d26b-4ced-a8ea-65938265c9d1 (STDOUT, API)#
#2026 04 25 20:36:04.630#Z#DEBUG#2db4431f-40e6-11f1-86c8-eeee0a862934.tms-cockpit-srv#flowable-async-job-executor-thread-9237#
[PollStageAppStatusExecution] ca7dbefe-d26b-4ced-a8ea-65938265c9d1 [2026-04-25T20:16:54.122646] Cell acfe0993-dc18-46d4-8cba-8e40ac03ed81 creating container for instance 2db18d7f-41ca-433f-7ec0-fb2e (STDOUT, CELL)#
#2026 04 25 20:36:04.630#Z#DEBUG#2db4431f-40e6-11f1-86c8-eeee0a862934.tms-cockpit-srv#flowable-async-job-executor-thread-9237#
[PollStageAppStatusExecution] ca7dbefe-d26b-4ced-a8ea-65938265c9d1 [2026-04-25T20:16:54.481351] Security group rules were updated (STDOUT, CELL)#
#2026 04 25 20:36:04.630#Z#DEBUG#2db4431f-40e6-11f1-86c8-eeee0a862934.tms-cockpit-srv#flowable-async-job-executor-thread-9237#
[PollStageAppStatusExecution] ca7dbefe-d26b-4ced-a8ea-65938265c9d1 [2026-04-25T20:16:54.542074] Cell acfe0993-dc18-46d4-8cba-8e40ac03ed81 successfully created container for instance 2db18d7f-41ca-433f-7ec0-fb2e (STDOUT, CELL)#
#2026 04 25 20:36:04.630#Z#DEBUG#2db4431f-40e6-11f1-86c8-eeee0a862934.tms-cockpit-srv#flowable-async-job-executor-thread-9237#
[PollStageAppStatusExecution] ca7dbefe-d26b-4ced-a8ea-65938265c9d1 [2026-04-25T20:16:54.884579] Downloading droplet... (STDOUT, CELL)#
#2026 04 25 20:36:04.631#Z#DEBUG#2db4431f-40e6-11f1-86c8-eeee0a862934.tms-cockpit-srv#flowable-async-job-executor-thread-9237#
[PollStageAppStatusExecution] ca7dbefe-d26b-4ced-a8ea-65938265c9d1 [2026-04-25T20:16:54.898258] Cell ac44df1a-0057-4013-905b-66641d34b750 successfully destroyed container for instance 78328ac8-396c-49b2-869f-d177c1692409 (STDOUT, STG)#
#2026 04 25 20:36:04.631#Z#DEBUG#2db4431f-40e6-11f1-86c8-eeee0a862934.tms-cockpit-srv#flowable-async-job-executor-thread-9237#
[PollStageAppStatusExecution] ca7dbefe-d26b-4ced-a8ea-65938265c9d1 [2026-04-25T20:16:59.270177] Downloaded droplet (70.5M) (STDOUT, CELL)#
#2026 04 25 20:36:04.631#Z#DEBUG#2db4431f-40e6-11f1-86c8-eeee0a862934.tms-cockpit-srv#flowable-async-job-executor-thread-9237#
[PollStageAppStatusExecution] ca7dbefe-d26b-4ced-a8ea-65938265c9d1 [2026-04-25T20:16:59.270350] Starting health monitoring of container (STDOUT, CELL)#
#2026 04 25 20:36:04.631#Z#DEBUG#2db4431f-40e6-11f1-86c8-eeee0a862934.tms-cockpit-srv#flowable-async-job-executor-thread-9237#
[PollStageAppStatusExecution] ca7dbefe-d26b-4ced-a8ea-65938265c9d1 [2026-04-25T20:16:59.335680] Invoking pre-start scripts. (STDOUT, APP/PROC/WEB)#
#2026 04 25 20:36:04.631#Z#DEBUG#2db4431f-40e6-11f1-86c8-eeee0a862934.tms-cockpit-srv#flowable-async-job-executor-thread-9237#
[PollStageAppStatusExecution] ca7dbefe-d26b-4ced-a8ea-65938265c9d1 [2026-04-25T20:16:59.476760] Invoking start command. (STDOUT, APP/PROC/WEB)#
#2026 04 25 20:36:04.631#Z#DEBUG#2db4431f-40e6-11f1-86c8-eeee0a862934.tms-cockpit-srv#flowable-async-job-executor-thread-9237#
[PollStageAppStatusExecution] ca7dbefe-d26b-4ced-a8ea-65938265c9d1 [2026-04-25T20:16:59.792129] > tms-cockpit@1.0.0 start (STDOUT, APP/PROC/WEB)#
#2026 04 25 20:36:04.631#Z#DEBUG#2db4431f-40e6-11f1-86c8-eeee0a862934.tms-cockpit-srv#flowable-async-job-executor-thread-9237#
[PollStageAppStatusExecution] ca7dbefe-d26b-4ced-a8ea-65938265c9d1 [2026-04-25T20:16:59.792147] > cds-serve (STDOUT, APP/PROC/WEB)#
#2026 04 25 20:36:04.631#Z#DEBUG#2db4431f-40e6-11f1-86c8-eeee0a862934.tms-cockpit-srv#flowable-async-job-executor-thread-9237#
[PollStageAppStatusExecution] ca7dbefe-d26b-4ced-a8ea-65938265c9d1 [2026-04-25T20:17:00.107179] {"level":"info","logger":"cds","timestamp":"2026-04-25T20:17:00.106Z","layer":"cds","component_type":"application","container_id":"10.0.201.7","component_id":"ca7dbefe-d26b-4ced-a8ea-65938265c9d1","component_name":"tms-cockpit-srv","component_instance":0,"source_instance":0,"organization_name":"innoverv-dev","organization_id":"469fd7a3-f5e2-42db-a5a5-6ba086da05fe","space_name":"dev","space_id":"a31ff513-8070-4c31-a676-f1273c241b11","msg":"loaded model from 1 file(s):\n ","type":"log"} (STDOUT, APP/PROC/WEB)#
#2026 04 25 20:36:04.631#Z#DEBUG#2db4431f-40e6-11f1-86c8-eeee0a862934.tms-cockpit-srv#flowable-async-job-executor-thread-9237#
[PollStageAppStatusExecution] ca7dbefe-d26b-4ced-a8ea-65938265c9d1 [2026-04-25T20:17:00.107322] srv/csn.json (STDOUT, APP/PROC/WEB)#
#2026 04 25 20:36:04.631#Z#DEBUG#2db4431f-40e6-11f1-86c8-eeee0a862934.tms-cockpit-srv#flowable-async-job-executor-thread-9237#
[PollStageAppStatusExecution] ca7dbefe-d26b-4ced-a8ea-65938265c9d1 [2026-04-25T20:17:00.292675] {"level":"info","logger":"cds","timestamp":"2026-04-25T20:17:00.292Z","layer":"cds","component_type":"application","container_id":"10.0.201.7","component_id":"ca7dbefe-d26b-4ced-a8ea-65938265c9d1","component_name":"tms-cockpit-srv","component_instance":0,"source_instance":0,"organization_name":"innoverv-dev","organization_id":"469fd7a3-f5e2-42db-a5a5-6ba086da05fe","space_name":"dev","space_id":"a31ff513-8070-4c31-a676-f1273c241b11","msg":"connect to db > hana {\n  database_id: '9f2b1094-320c-47ce-a076-9a9c697dd7eb',\n  host: '9f2b1094-320c-47ce-a076-9a9c697dd7eb.hana.prod-us10.hanacloud.ondemand.com',\n  port: '443',\n  driver: 'com.sap.db.jdbc.Driver',\n  url: 'jdbc:sap://9f2b1094-320c-47ce-a076-9a9c697dd7eb.hana.prod-us10.hanacloud.ondemand.com:443?encrypt=true&validateCertificate=true&currentschema=64829FA82453447FB7837E0FE1D1FDCD',\n  schema: '64829FA82453447FB7837E0FE1D1FDCD',\n  certificate: '...',\n  hdi_user: '64829FA82453447FB7837E0FE1D1FDCD_7IITV0EHWDDY6QJHVR1UDTOXY_DT',\n  hdi_password: '...',\n  user: '64829FA82453447FB7837E0FE1D1FDCD_7IITV0EHWDDY6QJHVR1UDTOXY_RT',\n  password: '...'\n}","type":"log"} (STDOUT, APP/PROC/WEB)#
#2026 04 25 20:36:04.631#Z#DEBUG#2db4431f-40e6-11f1-86c8-eeee0a862934.tms-cockpit-srv#flowable-async-job-executor-thread-9237#
[PollStageAppStatusExecution] ca7dbefe-d26b-4ced-a8ea-65938265c9d1 [2026-04-25T20:17:00.481044] ◇ injected env (0) from .env // tip: ⌘ override existing { override: true } (STDOUT, APP/PROC/WEB)#
#2026 04 25 20:36:04.631#Z#DEBUG#2db4431f-40e6-11f1-86c8-eeee0a862934.tms-cockpit-srv#flowable-async-job-executor-thread-9237#
[PollStageAppStatusExecution] ca7dbefe-d26b-4ced-a8ea-65938265c9d1 [2026-04-25T20:17:00.504806] {"level":"info","logger":"attachments","timestamp":"2026-04-25T20:17:00.504Z","layer":"cds","component_type":"application","container_id":"10.0.201.7","component_id":"ca7dbefe-d26b-4ced-a8ea-65938265c9d1","component_name":"tms-cockpit-srv","component_instance":0,"source_instance":0,"organization_name":"innoverv-dev","organization_id":"469fd7a3-f5e2-42db-a5a5-6ba086da05fe","space_name":"dev","space_id":"a31ff513-8070-4c31-a676-f1273c241b11","msg":"Using aws-s3 for attachments management.","type":"log"} (STDOUT, APP/PROC/WEB)#
#2026 04 25 20:36:04.631#Z#DEBUG#2db4431f-40e6-11f1-86c8-eeee0a862934.tms-cockpit-srv#flowable-async-job-executor-thread-9237#
[PollStageAppStatusExecution] ca7dbefe-d26b-4ced-a8ea-65938265c9d1 [2026-04-25T20:17:00.596805] {"level":"warn","logger":"cds","timestamp":"2026-04-25T20:17:00.596Z","layer":"cds","component_type":"application","container_id":"10.0.201.7","component_id":"ca7dbefe-d26b-4ced-a8ea-65938265c9d1","component_name":"tms-cockpit-srv","component_instance":0,"source_instance":0,"organization_name":"innoverv-dev","organization_id":"469fd7a3-f5e2-42db-a5a5-6ba086da05fe","space_name":"dev","space_id":"a31ff513-8070-4c31-a676-f1273c241b11","msg":"\u001b[33m \n------------------------------------------------------------------------------ \nDEPRECATED: cds.requires.<srv>.outbox \n \n   Config cds.requires.<srv>.outbox is deprecated and will be removed in upcoming releases! \n   => Please use cds.requires.<srv>.outboxed instead. \n \n------------------------------------------------------------------------------\n \u001b[0m","type":"log"} (STDERR, APP/PROC/WEB)#
#2026 04 25 20:36:04.631#Z#DEBUG#2db4431f-40e6-11f1-86c8-eeee0a862934.tms-cockpit-srv#flowable-async-job-executor-thread-9237#
[PollStageAppStatusExecution] ca7dbefe-d26b-4ced-a8ea-65938265c9d1 [2026-04-25T20:17:00.596985] {"level":"info","logger":"cds","timestamp":"2026-04-25T20:17:00.596Z","layer":"cds","component_type":"application","container_id":"10.0.201.7","component_id":"ca7dbefe-d26b-4ced-a8ea-65938265c9d1","component_name":"tms-cockpit-srv","component_instance":0,"source_instance":0,"organization_name":"innoverv-dev","organization_id":"469fd7a3-f5e2-42db-a5a5-6ba086da05fe","space_name":"dev","space_id":"a31ff513-8070-4c31-a676-f1273c241b11","msg":"connect to attachments > standard ","type":"log"} (STDOUT, APP/PROC/WEB)#
#2026 04 25 20:36:04.631#Z#DEBUG#2db4431f-40e6-11f1-86c8-eeee0a862934.tms-cockpit-srv#flowable-async-job-executor-thread-9237#
[PollStageAppStatusExecution] ca7dbefe-d26b-4ced-a8ea-65938265c9d1 [2026-04-25T20:17:00.599448] {"level":"info","logger":"cds","timestamp":"2026-04-25T20:17:00.599Z","layer":"cds","component_type":"application","container_id":"10.0.201.7","component_id":"ca7dbefe-d26b-4ced-a8ea-65938265c9d1","component_name":"tms-cockpit-srv","component_instance":0,"source_instance":0,"organization_name":"innoverv-dev","organization_id":"469fd7a3-f5e2-42db-a5a5-6ba086da05fe","space_name":"dev","space_id":"a31ff513-8070-4c31-a676-f1273c241b11","msg":"using auth strategy { kind: 'xsuaa' }","type":"log"} (STDOUT, APP/PROC/WEB)#
#2026 04 25 20:36:04.631#Z#DEBUG#2db4431f-40e6-11f1-86c8-eeee0a862934.tms-cockpit-srv#flowable-async-job-executor-thread-9237#
[PollStageAppStatusExecution] ca7dbefe-d26b-4ced-a8ea-65938265c9d1 [2026-04-25T20:17:00.619650] {"level":"info","logger":"cds","timestamp":"2026-04-25T20:17:00.619Z","layer":"cds","component_type":"application","container_id":"10.0.201.7","component_id":"ca7dbefe-d26b-4ced-a8ea-65938265c9d1","component_name":"tms-cockpit-srv","component_instance":0,"source_instance":0,"organization_name":"innoverv-dev","organization_id":"469fd7a3-f5e2-42db-a5a5-6ba086da05fe","space_name":"dev","space_id":"a31ff513-8070-4c31-a676-f1273c241b11","msg":"serving ShipmentService {\n  at: [ '/odata/v4/shipment' ],\n  decl: 'srv/csn.json:524',\n  impl: 'srv/tms-service.js'\n}","type":"log"} (STDOUT, APP/PROC/WEB)#
#2026 04 25 20:36:04.631#Z#DEBUG#2db4431f-40e6-11f1-86c8-eeee0a862934.tms-cockpit-srv#flowable-async-job-executor-thread-9237#
[PollStageAppStatusExecution] ca7dbefe-d26b-4ced-a8ea-65938265c9d1 [2026-04-25T20:17:00.623894] {"level":"info","logger":"cds","timestamp":"2026-04-25T20:17:00.623Z","layer":"cds","component_type":"application","container_id":"10.0.201.7","component_id":"ca7dbefe-d26b-4ced-a8ea-65938265c9d1","component_name":"tms-cockpit-srv","component_instance":0,"source_instance":0,"organization_name":"innoverv-dev","organization_id":"469fd7a3-f5e2-42db-a5a5-6ba086da05fe","space_name":"dev","space_id":"a31ff513-8070-4c31-a676-f1273c241b11","msg":"server listening on { url: 'http://localhost:8080' }","type":"log"} (STDOUT, APP/PROC/WEB)#
#2026 04 25 20:36:04.631#Z#DEBUG#2db4431f-40e6-11f1-86c8-eeee0a862934.tms-cockpit-srv#flowable-async-job-executor-thread-9237#
[PollStageAppStatusExecution] ca7dbefe-d26b-4ced-a8ea-65938265c9d1 [2026-04-25T20:17:00.623922] {"level":"info","logger":"cds","timestamp":"2026-04-25T20:17:00.623Z","layer":"cds","component_type":"application","container_id":"10.0.201.7","component_id":"ca7dbefe-d26b-4ced-a8ea-65938265c9d1","component_name":"tms-cockpit-srv","component_instance":0,"source_instance":0,"organization_name":"innoverv-dev","organization_id":"469fd7a3-f5e2-42db-a5a5-6ba086da05fe","space_name":"dev","space_id":"a31ff513-8070-4c31-a676-f1273c241b11","msg":"server v9.9.0 launched in 823 ms","type":"log"} (STDOUT, APP/PROC/WEB)#
#2026 04 25 20:36:04.631#Z#DEBUG#2db4431f-40e6-11f1-86c8-eeee0a862934.tms-cockpit-srv#flowable-async-job-executor-thread-9237#
[PollStageAppStatusExecution] ca7dbefe-d26b-4ced-a8ea-65938265c9d1 [2026-04-25T20:17:02.270028] Container became healthy (STDOUT, CELL)#
#2026 04 25 20:36:04.631#Z#DEBUG#2db4431f-40e6-11f1-86c8-eeee0a862934.tms-cockpit-srv#flowable-async-job-executor-thread-9237#
[PollStageAppStatusExecution] ca7dbefe-d26b-4ced-a8ea-65938265c9d1 [2026-04-25T20:17:02.294284] Process became ready with guid ca7dbefe-d26b-4ced-a8ea-65938265c9d1 payload: {"instance"=>"2db18d7f-41ca-433f-7ec0-fb2e", "index"=>0, "cell_id"=>"acfe0993-dc18-46d4-8cba-8e40ac03ed81", "ready"=>true, "version"=>"fe47a49b-b5e2-4b28-8a06-8175c64bdf74"} (STDOUT, API)#
#2026 04 25 20:36:04.631#Z#DEBUG#2db4431f-40e6-11f1-86c8-eeee0a862934.tms-cockpit-srv#flowable-async-job-executor-thread-9237#
[PollStageAppStatusExecution] ca7dbefe-d26b-4ced-a8ea-65938265c9d1 [2026-04-25T20:17:30.002839] Cell ff30b259-d350-4ac3-b4ed-393349a0555e destroying container for instance 812ec40f-fba3-4401-5ae3-e14d (STDOUT, CELL)#
#2026 04 25 20:36:04.631#Z#DEBUG#2db4431f-40e6-11f1-86c8-eeee0a862934.tms-cockpit-srv#flowable-async-job-executor-thread-9237#
[PollStageAppStatusExecution] ca7dbefe-d26b-4ced-a8ea-65938265c9d1 [2026-04-25T20:17:30.095707] Exit status 137 (STDOUT, PROXY)#
#2026 04 25 20:36:04.631#Z#DEBUG#2db4431f-40e6-11f1-86c8-eeee0a862934.tms-cockpit-srv#flowable-async-job-executor-thread-9237#
[PollStageAppStatusExecution] ca7dbefe-d26b-4ced-a8ea-65938265c9d1 [2026-04-25T20:17:31.767716] Cell ff30b259-d350-4ac3-b4ed-393349a0555e successfully destroyed container for instance 812ec40f-fba3-4401-5ae3-e14d (STDOUT, CELL)#
#2026 04 25 20:36:04.631#Z#DEBUG#2db4431f-40e6-11f1-86c8-eeee0a862934.tms-cockpit-srv#flowable-async-job-executor-thread-9237#
[PollStageAppStatusExecution] ca7dbefe-d26b-4ced-a8ea-65938265c9d1 [2026-04-25T20:34:59.402617] Updated app with guid ca7dbefe-d26b-4ced-a8ea-65938265c9d1 ({"lifecycle"=>{"data"=>{"buildpacks"=>["nodejs_buildpack"]}, "type"=>"buildpack"}}) (STDOUT, API)#
#2026 04 25 20:36:04.631#Z#DEBUG#2db4431f-40e6-11f1-86c8-eeee0a862934.tms-cockpit-srv#flowable-async-job-executor-thread-9237#
[PollStageAppStatusExecution] ca7dbefe-d26b-4ced-a8ea-65938265c9d1 [2026-04-25T20:34:59.520980] Updating process: "web" (STDOUT, API)#
#2026 04 25 20:36:04.631#Z#DEBUG#2db4431f-40e6-11f1-86c8-eeee0a862934.tms-cockpit-srv#flowable-async-job-executor-thread-9237#
[PollStageAppStatusExecution] ca7dbefe-d26b-4ced-a8ea-65938265c9d1 [2026-04-25T20:34:59.670811] Updated app with guid ca7dbefe-d26b-4ced-a8ea-65938265c9d1 ({"environment_variables"=>"[PRIVATE DATA HIDDEN]"}) (STDOUT, API)#
#2026 04 25 20:36:04.631#Z#DEBUG#2db4431f-40e6-11f1-86c8-eeee0a862934.tms-cockpit-srv#flowable-async-job-executor-thread-9237#
[PollStageAppStatusExecution] ca7dbefe-d26b-4ced-a8ea-65938265c9d1 [2026-04-25T20:35:36.744596] Uploading app package for app with guid ca7dbefe-d26b-4ced-a8ea-65938265c9d1 (STDOUT, API)#
#2026 04 25 20:36:04.631#Z#DEBUG#2db4431f-40e6-11f1-86c8-eeee0a862934.tms-cockpit-srv#flowable-async-job-executor-thread-9237#
[PollStageAppStatusExecution] ca7dbefe-d26b-4ced-a8ea-65938265c9d1 [2026-04-25T20:35:36.995915] Updated app with guid ca7dbefe-d26b-4ced-a8ea-65938265c9d1 ({"environment_variables"=>"[PRIVATE DATA HIDDEN]"}) (STDOUT, API)#
#2026 04 25 20:36:04.631#Z#DEBUG#2db4431f-40e6-11f1-86c8-eeee0a862934.tms-cockpit-srv#flowable-async-job-executor-thread-9237#
[PollStageAppStatusExecution] ca7dbefe-d26b-4ced-a8ea-65938265c9d1 [2026-04-25T20:35:54.989848] Stopping app with guid ca7dbefe-d26b-4ced-a8ea-65938265c9d1 (STDOUT, API)#
#2026 04 25 20:36:04.631#Z#DEBUG#2db4431f-40e6-11f1-86c8-eeee0a862934.tms-cockpit-srv#flowable-async-job-executor-thread-9237#
[PollStageAppStatusExecution] ca7dbefe-d26b-4ced-a8ea-65938265c9d1 [2026-04-25T20:35:55.039117] Cell acfe0993-dc18-46d4-8cba-8e40ac03ed81 stopping instance 2db18d7f-41ca-433f-7ec0-fb2e (STDOUT, CELL)#
#2026 04 25 20:36:04.631#Z#DEBUG#2db4431f-40e6-11f1-86c8-eeee0a862934.tms-cockpit-srv#flowable-async-job-executor-thread-9237#
[PollStageAppStatusExecution] ca7dbefe-d26b-4ced-a8ea-65938265c9d1 [2026-04-25T20:35:55.212911] Creating build for app with guid ca7dbefe-d26b-4ced-a8ea-65938265c9d1 (STDOUT, API)#
#2026 04 25 20:36:04.631#Z#DEBUG#2db4431f-40e6-11f1-86c8-eeee0a862934.tms-cockpit-srv#flowable-async-job-executor-thread-9237#
[PollStageAppStatusExecution] ca7dbefe-d26b-4ced-a8ea-65938265c9d1 [2026-04-25T20:35:55.808610] Downloading nodejs_buildpack... (STDOUT, STG)#
#2026 04 25 20:36:04.631#Z#DEBUG#2db4431f-40e6-11f1-86c8-eeee0a862934.tms-cockpit-srv#flowable-async-job-executor-thread-9237#
[PollStageAppStatusExecution] ca7dbefe-d26b-4ced-a8ea-65938265c9d1 [2026-04-25T20:35:55.845525] Downloaded nodejs_buildpack (STDOUT, STG)#
#2026 04 25 20:36:04.631#Z#DEBUG#2db4431f-40e6-11f1-86c8-eeee0a862934.tms-cockpit-srv#flowable-async-job-executor-thread-9237#
[PollStageAppStatusExecution] ca7dbefe-d26b-4ced-a8ea-65938265c9d1 [2026-04-25T20:35:55.845598] Cell ef3a2fa4-5559-4d32-8c47-3d60d54444eb creating container for instance 5352453c-6842-41d2-aecd-344da3f3f537 (STDOUT, STG)#
#2026 04 25 20:36:04.631#Z#DEBUG#2db4431f-40e6-11f1-86c8-eeee0a862934.tms-cockpit-srv#flowable-async-job-executor-thread-9237#
[PollStageAppStatusExecution] ca7dbefe-d26b-4ced-a8ea-65938265c9d1 [2026-04-25T20:35:56.213269] Security group rules were updated (STDOUT, STG)#
#2026 04 25 20:36:04.631#Z#DEBUG#2db4431f-40e6-11f1-86c8-eeee0a862934.tms-cockpit-srv#flowable-async-job-executor-thread-9237#
[PollStageAppStatusExecution] ca7dbefe-d26b-4ced-a8ea-65938265c9d1 [2026-04-25T20:35:56.279525] Cell ef3a2fa4-5559-4d32-8c47-3d60d54444eb successfully created container for instance 5352453c-6842-41d2-aecd-344da3f3f537 (STDOUT, STG)#
#2026 04 25 20:36:04.631#Z#DEBUG#2db4431f-40e6-11f1-86c8-eeee0a862934.tms-cockpit-srv#flowable-async-job-executor-thread-9237#
[PollStageAppStatusExecution] ca7dbefe-d26b-4ced-a8ea-65938265c9d1 [2026-04-25T20:35:57.061590] Downloading build artifacts cache... (STDOUT, STG)#
#2026 04 25 20:36:04.631#Z#DEBUG#2db4431f-40e6-11f1-86c8-eeee0a862934.tms-cockpit-srv#flowable-async-job-executor-thread-9237#
[PollStageAppStatusExecution] ca7dbefe-d26b-4ced-a8ea-65938265c9d1 [2026-04-25T20:35:57.061590] Downloading app package... (STDOUT, STG)#
#2026 04 25 20:36:04.631#Z#DEBUG#2db4431f-40e6-11f1-86c8-eeee0a862934.tms-cockpit-srv#flowable-async-job-executor-thread-9237#
[PollStageAppStatusExecution] ca7dbefe-d26b-4ced-a8ea-65938265c9d1 [2026-04-25T20:35:57.175953] Downloaded build artifacts cache (226B) (STDOUT, STG)#
#2026 04 25 20:36:04.631#Z#DEBUG#2db4431f-40e6-11f1-86c8-eeee0a862934.tms-cockpit-srv#flowable-async-job-executor-thread-9237#
[PollStageAppStatusExecution] ca7dbefe-d26b-4ced-a8ea-65938265c9d1 [2026-04-25T20:35:59.281009] Downloaded app package (21.9M) (STDOUT, STG)#
#2026 04 25 20:36:04.631#Z#DEBUG#2db4431f-40e6-11f1-86c8-eeee0a862934.tms-cockpit-srv#flowable-async-job-executor-thread-9237#
[PollStageAppStatusExecution] ca7dbefe-d26b-4ced-a8ea-65938265c9d1 [2026-04-25T20:35:59.345233] -----> Nodejs Buildpack version 1.8.44 (STDOUT, STG)#
#2026 04 25 20:36:04.631#Z#DEBUG#2db4431f-40e6-11f1-86c8-eeee0a862934.tms-cockpit-srv#flowable-async-job-executor-thread-9237#
[PollStageAppStatusExecution] ca7dbefe-d26b-4ced-a8ea-65938265c9d1 [2026-04-25T20:36:00.112209] -----> Bootstrapping python (STDOUT, STG)#
#2026 04 25 20:36:04.631#Z#DEBUG#2db4431f-40e6-11f1-86c8-eeee0a862934.tms-cockpit-srv#flowable-async-job-executor-thread-9237#
[PollStageAppStatusExecution] ca7dbefe-d26b-4ced-a8ea-65938265c9d1 [2026-04-25T20:36:00.112242] -----> Installing python 3.11.14 (STDOUT, STG)#
#2026 04 25 20:36:04.631#Z#DEBUG#2db4431f-40e6-11f1-86c8-eeee0a862934.tms-cockpit-srv#flowable-async-job-executor-thread-9237#
[PollStageAppStatusExecution] ca7dbefe-d26b-4ced-a8ea-65938265c9d1 [2026-04-25T20:36:00.112248] Copy [/tmp/buildpacks/978cee5ec9c58000/dependencies/b5e0345ae0ae1932e7d56fffaa49a487/python_3.11.14_linux_x64_cflinuxfs4_66f53248.tgz] (STDOUT, STG)#
#2026 04 25 20:36:04.631#Z#DEBUG#2db4431f-40e6-11f1-86c8-eeee0a862934.tms-cockpit-srv#flowable-async-job-executor-thread-9237#
[PollStageAppStatusExecution] ca7dbefe-d26b-4ced-a8ea-65938265c9d1 [2026-04-25T20:36:00.468185] Exit status 0 (STDOUT, CELL/SSHD)#
#2026 04 25 20:36:04.631#Z#DEBUG#2db4431f-40e6-11f1-86c8-eeee0a862934.tms-cockpit-srv#flowable-async-job-executor-thread-9237#
[PollStageAppStatusExecution] ca7dbefe-d26b-4ced-a8ea-65938265c9d1 [2026-04-25T20:36:03.019007] -----> Installing binaries (STDOUT, STG)#
#2026 04 25 20:36:04.631#Z#DEBUG#2db4431f-40e6-11f1-86c8-eeee0a862934.tms-cockpit-srv#flowable-async-job-executor-thread-9237#
[PollStageAppStatusExecution] ca7dbefe-d26b-4ced-a8ea-65938265c9d1 [2026-04-25T20:36:03.019250] engines.node (package.json): >=20 (STDOUT, STG)#
#2026 04 25 20:36:04.631#Z#DEBUG#2db4431f-40e6-11f1-86c8-eeee0a862934.tms-cockpit-srv#flowable-async-job-executor-thread-9237#
[PollStageAppStatusExecution] ca7dbefe-d26b-4ced-a8ea-65938265c9d1 [2026-04-25T20:36:03.019272] engines.npm (package.json): unspecified (use default) (STDOUT, STG)#
#2026 04 25 20:36:04.631#Z#DEBUG#2db4431f-40e6-11f1-86c8-eeee0a862934.tms-cockpit-srv#flowable-async-job-executor-thread-9237#
[PollStageAppStatusExecution] ca7dbefe-d26b-4ced-a8ea-65938265c9d1 [2026-04-25T20:36:03.019278] [31;1m**WARNING**[0m Dangerous semver range (>) in engines.node. See: http://docs.cloudfoundry.org/buildpacks/node/node-tips.html (STDOUT, STG)#
#2026 04 25 20:36:04.631#Z#DEBUG#2db4431f-40e6-11f1-86c8-eeee0a862934.tms-cockpit-srv#flowable-async-job-executor-thread-9237#
[PollStageAppStatusExecution] ca7dbefe-d26b-4ced-a8ea-65938265c9d1 [2026-04-25T20:36:03.019288] -----> Installing node 24.13.0 (STDOUT, STG)#
#2026 04 25 20:36:04.631#Z#DEBUG#2db4431f-40e6-11f1-86c8-eeee0a862934.tms-cockpit-srv#flowable-async-job-executor-thread-9237#
[PollStageAppStatusExecution] ca7dbefe-d26b-4ced-a8ea-65938265c9d1 [2026-04-25T20:36:03.019409] Copy [/tmp/buildpacks/978cee5ec9c58000/dependencies/2f5692219fecc3eee6e6d507a6bfe7b9/node_24.13.0_linux_x64_cflinuxfs4_a816dee1.tgz] (STDOUT, STG)#
#2026 04 25 20:36:14.609#Z#DEBUG#2db4431f-40e6-11f1-86c8-eeee0a862934.tms-cockpit-srv#flowable-async-job-executor-thread-9241#
[PollStageAppStatusExecution] ca7dbefe-d26b-4ced-a8ea-65938265c9d1 [2026-04-25T20:36:04.819331] Using default npm version: 11.6.2 (STDOUT, STG)#
#2026 04 25 20:36:14.609#Z#DEBUG#2db4431f-40e6-11f1-86c8-eeee0a862934.tms-cockpit-srv#flowable-async-job-executor-thread-9241#
[PollStageAppStatusExecution] ca7dbefe-d26b-4ced-a8ea-65938265c9d1 [2026-04-25T20:36:04.819353] -----> Installing yarn 1.22.22 (STDOUT, STG)#
#2026 04 25 20:36:14.609#Z#DEBUG#2db4431f-40e6-11f1-86c8-eeee0a862934.tms-cockpit-srv#flowable-async-job-executor-thread-9241#
[PollStageAppStatusExecution] ca7dbefe-d26b-4ced-a8ea-65938265c9d1 [2026-04-25T20:36:04.819488] Copy [/tmp/buildpacks/978cee5ec9c58000/dependencies/e3a39aedd1236924d69cc2d0637a8ed2/yarn_1.22.22_linux_noarch_any-stack_4911d0a6.tgz] (STDOUT, STG)#
#2026 04 25 20:36:14.609#Z#DEBUG#2db4431f-40e6-11f1-86c8-eeee0a862934.tms-cockpit-srv#flowable-async-job-executor-thread-9241#
[PollStageAppStatusExecution] ca7dbefe-d26b-4ced-a8ea-65938265c9d1 [2026-04-25T20:36:05.072717] Installed yarn 1.22.22 (STDOUT, STG)#
#2026 04 25 20:36:14.609#Z#DEBUG#2db4431f-40e6-11f1-86c8-eeee0a862934.tms-cockpit-srv#flowable-async-job-executor-thread-9241#
[PollStageAppStatusExecution] ca7dbefe-d26b-4ced-a8ea-65938265c9d1 [2026-04-25T20:36:05.072751] -----> Creating runtime environment (STDOUT, STG)#
#2026 04 25 20:36:14.609#Z#DEBUG#2db4431f-40e6-11f1-86c8-eeee0a862934.tms-cockpit-srv#flowable-async-job-executor-thread-9241#
[PollStageAppStatusExecution] ca7dbefe-d26b-4ced-a8ea-65938265c9d1 [2026-04-25T20:36:05.074163] NODE_ENV=production (STDOUT, STG)#
#2026 04 25 20:36:14.609#Z#DEBUG#2db4431f-40e6-11f1-86c8-eeee0a862934.tms-cockpit-srv#flowable-async-job-executor-thread-9241#
[PollStageAppStatusExecution] ca7dbefe-d26b-4ced-a8ea-65938265c9d1 [2026-04-25T20:36:05.074181] NODE_HOME=/tmp/contents4183145013/deps/0/node (STDOUT, STG)#
#2026 04 25 20:36:14.609#Z#DEBUG#2db4431f-40e6-11f1-86c8-eeee0a862934.tms-cockpit-srv#flowable-async-job-executor-thread-9241#
[PollStageAppStatusExecution] ca7dbefe-d26b-4ced-a8ea-65938265c9d1 [2026-04-25T20:36:05.074185] NODE_MODULES_CACHE=true (STDOUT, STG)#
#2026 04 25 20:36:14.609#Z#DEBUG#2db4431f-40e6-11f1-86c8-eeee0a862934.tms-cockpit-srv#flowable-async-job-executor-thread-9241#
[PollStageAppStatusExecution] ca7dbefe-d26b-4ced-a8ea-65938265c9d1 [2026-04-25T20:36:05.074188] NODE_VERBOSE=false (STDOUT, STG)#
#2026 04 25 20:36:14.609#Z#DEBUG#2db4431f-40e6-11f1-86c8-eeee0a862934.tms-cockpit-srv#flowable-async-job-executor-thread-9241#
[PollStageAppStatusExecution] ca7dbefe-d26b-4ced-a8ea-65938265c9d1 [2026-04-25T20:36:05.074190] NPM_CONFIG_LOGLEVEL=error (STDOUT, STG)#
#2026 04 25 20:36:14.609#Z#DEBUG#2db4431f-40e6-11f1-86c8-eeee0a862934.tms-cockpit-srv#flowable-async-job-executor-thread-9241#
[PollStageAppStatusExecution] ca7dbefe-d26b-4ced-a8ea-65938265c9d1 [2026-04-25T20:36:05.074194] NPM_CONFIG_PRODUCTION=true (STDOUT, STG)#
#2026 04 25 20:36:14.609#Z#DEBUG#2db4431f-40e6-11f1-86c8-eeee0a862934.tms-cockpit-srv#flowable-async-job-executor-thread-9241#
[PollStageAppStatusExecution] ca7dbefe-d26b-4ced-a8ea-65938265c9d1 [2026-04-25T20:36:05.074204] -----> Building dependencies (STDOUT, STG)#
#2026 04 25 20:36:14.609#Z#DEBUG#2db4431f-40e6-11f1-86c8-eeee0a862934.tms-cockpit-srv#flowable-async-job-executor-thread-9241#
[PollStageAppStatusExecution] ca7dbefe-d26b-4ced-a8ea-65938265c9d1 [2026-04-25T20:36:05.074209] Prebuild detected (node_modules already exists) (STDOUT, STG)#
#2026 04 25 20:36:14.609#Z#DEBUG#2db4431f-40e6-11f1-86c8-eeee0a862934.tms-cockpit-srv#flowable-async-job-executor-thread-9241#
[PollStageAppStatusExecution] ca7dbefe-d26b-4ced-a8ea-65938265c9d1 [2026-04-25T20:36:05.074332] Rebuilding any native modules (STDOUT, STG)#
#2026 04 25 20:36:14.609#Z#DEBUG#2db4431f-40e6-11f1-86c8-eeee0a862934.tms-cockpit-srv#flowable-async-job-executor-thread-9241#
[PollStageAppStatusExecution] ca7dbefe-d26b-4ced-a8ea-65938265c9d1 [2026-04-25T20:36:05.780906] rebuilt dependencies successfully (STDOUT, STG)#
#2026 04 25 20:36:14.609#Z#DEBUG#2db4431f-40e6-11f1-86c8-eeee0a862934.tms-cockpit-srv#flowable-async-job-executor-thread-9241#
[PollStageAppStatusExecution] ca7dbefe-d26b-4ced-a8ea-65938265c9d1 [2026-04-25T20:36:05.782317] npm notice (STDOUT, STG)#
#2026 04 25 20:36:14.609#Z#DEBUG#2db4431f-40e6-11f1-86c8-eeee0a862934.tms-cockpit-srv#flowable-async-job-executor-thread-9241#
[PollStageAppStatusExecution] ca7dbefe-d26b-4ced-a8ea-65938265c9d1 [2026-04-25T20:36:05.782355] npm notice New minor version of npm available! 11.6.2 -> 11.13.0 (STDOUT, STG)#
#2026 04 25 20:36:14.609#Z#DEBUG#2db4431f-40e6-11f1-86c8-eeee0a862934.tms-cockpit-srv#flowable-async-job-executor-thread-9241#
[PollStageAppStatusExecution] ca7dbefe-d26b-4ced-a8ea-65938265c9d1 [2026-04-25T20:36:05.782365] npm notice Changelog: https://github.com/npm/cli/releases/tag/v11.13.0 (STDOUT, STG)#
#2026 04 25 20:36:14.609#Z#DEBUG#2db4431f-40e6-11f1-86c8-eeee0a862934.tms-cockpit-srv#flowable-async-job-executor-thread-9241#
[PollStageAppStatusExecution] ca7dbefe-d26b-4ced-a8ea-65938265c9d1 [2026-04-25T20:36:05.782371] npm notice To update run: npm install -g npm@11.13.0 (STDOUT, STG)#
#2026 04 25 20:36:14.609#Z#DEBUG#2db4431f-40e6-11f1-86c8-eeee0a862934.tms-cockpit-srv#flowable-async-job-executor-thread-9241#
[PollStageAppStatusExecution] ca7dbefe-d26b-4ced-a8ea-65938265c9d1 [2026-04-25T20:36:05.782376] npm notice (STDOUT, STG)#
#2026 04 25 20:36:14.609#Z#DEBUG#2db4431f-40e6-11f1-86c8-eeee0a862934.tms-cockpit-srv#flowable-async-job-executor-thread-9241#
[PollStageAppStatusExecution] ca7dbefe-d26b-4ced-a8ea-65938265c9d1 [2026-04-25T20:36:05.838368] Installing any new modules (package.json + package-lock.json) (STDOUT, STG)#
#2026 04 25 20:36:14.609#Z#DEBUG#2db4431f-40e6-11f1-86c8-eeee0a862934.tms-cockpit-srv#flowable-async-job-executor-thread-9241#
[PollStageAppStatusExecution] ca7dbefe-d26b-4ced-a8ea-65938265c9d1 [2026-04-25T20:36:06.721667] removed 14 packages in 823ms (STDOUT, STG)#
#2026 04 25 20:36:14.609#Z#DEBUG#2db4431f-40e6-11f1-86c8-eeee0a862934.tms-cockpit-srv#flowable-async-job-executor-thread-9241#
[PollStageAppStatusExecution] ca7dbefe-d26b-4ced-a8ea-65938265c9d1 [2026-04-25T20:36:06.721832] 46 packages are looking for funding (STDOUT, STG)#
#2026 04 25 20:36:14.609#Z#DEBUG#2db4431f-40e6-11f1-86c8-eeee0a862934.tms-cockpit-srv#flowable-async-job-executor-thread-9241#
[PollStageAppStatusExecution] ca7dbefe-d26b-4ced-a8ea-65938265c9d1 [2026-04-25T20:36:06.721903] run `npm fund` for details (STDOUT, STG)#
#2026 04 25 20:36:14.609#Z#DEBUG#2db4431f-40e6-11f1-86c8-eeee0a862934.tms-cockpit-srv#flowable-async-job-executor-thread-9241#
[PollStageAppStatusExecution] ca7dbefe-d26b-4ced-a8ea-65938265c9d1 [2026-04-25T20:36:08.425453] Contrast Security no credentials found. Will not write environment files. (STDOUT, STG)#
#2026 04 25 20:36:24.636#Z#DEBUG#2db4431f-40e6-11f1-86c8-eeee0a862934.tms-cockpit-srv#flowable-async-job-executor-thread-9246#
[PollStageAppStatusExecution] ca7dbefe-d26b-4ced-a8ea-65938265c9d1 [2026-04-25T20:36:19.829024] Exit status 0 (STDOUT, STG)#
#2026 04 25 20:36:24.636#Z#DEBUG#2db4431f-40e6-11f1-86c8-eeee0a862934.tms-cockpit-srv#flowable-async-job-executor-thread-9246#
[PollStageAppStatusExecution] ca7dbefe-d26b-4ced-a8ea-65938265c9d1 [2026-04-25T20:36:19.829115] Uploading droplet, build artifacts cache... (STDOUT, STG)#
#2026 04 25 20:36:24.636#Z#DEBUG#2db4431f-40e6-11f1-86c8-eeee0a862934.tms-cockpit-srv#flowable-async-job-executor-thread-9246#
[PollStageAppStatusExecution] ca7dbefe-d26b-4ced-a8ea-65938265c9d1 [2026-04-25T20:36:19.829180] Uploading droplet... (STDOUT, STG)#
#2026 04 25 20:36:24.636#Z#DEBUG#2db4431f-40e6-11f1-86c8-eeee0a862934.tms-cockpit-srv#flowable-async-job-executor-thread-9246#
[PollStageAppStatusExecution] ca7dbefe-d26b-4ced-a8ea-65938265c9d1 [2026-04-25T20:36:19.829235] Uploading build artifacts cache... (STDOUT, STG)#
#2026 04 25 20:36:24.636#Z#DEBUG#2db4431f-40e6-11f1-86c8-eeee0a862934.tms-cockpit-srv#flowable-async-job-executor-thread-9246#
[PollStageAppStatusExecution] ca7dbefe-d26b-4ced-a8ea-65938265c9d1 [2026-04-25T20:36:19.858246] Uploaded build artifacts cache (225B) (STDOUT, STG)#
#2026 04 25 20:36:24.636#Z#DEBUG#2db4431f-40e6-11f1-86c8-eeee0a862934.tms-cockpit-srv#flowable-async-job-executor-thread-9246#
[PollStageAppStatusExecution] ca7dbefe-d26b-4ced-a8ea-65938265c9d1 [2026-04-25T20:36:20.552714] Creating droplet for app with guid ca7dbefe-d26b-4ced-a8ea-65938265c9d1 (STDOUT, API)#
#2026 04 25 20:36:34.737#Z#DEBUG#2db4431f-40e6-11f1-86c8-eeee0a862934.tms-cockpit-srv#flowable-async-job-executor-thread-9250#
[PollStageAppStatusExecution] ca7dbefe-d26b-4ced-a8ea-65938265c9d1 [2026-04-25T20:36:26.634059] Uploaded droplet (70.5M) (STDOUT, STG)#
#2026 04 25 20:36:34.737#Z#DEBUG#2db4431f-40e6-11f1-86c8-eeee0a862934.tms-cockpit-srv#flowable-async-job-executor-thread-9250#
[PollStageAppStatusExecution] ca7dbefe-d26b-4ced-a8ea-65938265c9d1 [2026-04-25T20:36:26.650922] Uploading complete (STDOUT, STG)#
#2026 04 25 20:36:34.737#Z#DEBUG#2db4431f-40e6-11f1-86c8-eeee0a862934.tms-cockpit-srv#flowable-async-job-executor-thread-9250#
[PollStageAppStatusExecution] ca7dbefe-d26b-4ced-a8ea-65938265c9d1 [2026-04-25T20:36:27.125264] Cell ef3a2fa4-5559-4d32-8c47-3d60d54444eb stopping instance 5352453c-6842-41d2-aecd-344da3f3f537 (STDOUT, STG)#
#2026 04 25 20:36:34.737#Z#DEBUG#2db4431f-40e6-11f1-86c8-eeee0a862934.tms-cockpit-srv#flowable-async-job-executor-thread-9250#
[PollStageAppStatusExecution] ca7dbefe-d26b-4ced-a8ea-65938265c9d1 [2026-04-25T20:36:27.125298] Cell ef3a2fa4-5559-4d32-8c47-3d60d54444eb destroying container for instance 5352453c-6842-41d2-aecd-344da3f3f537 (STDOUT, STG)#
#2026 04 25 20:36:34.737#Z#DEBUG#2db4431f-40e6-11f1-86c8-eeee0a862934.tms-cockpit-srv#flowable-async-job-executor-thread-9250#
[PollStageAppStatusExecution] ca7dbefe-d26b-4ced-a8ea-65938265c9d1 [2026-04-25T20:36:27.174563] Staging complete for build 5352453c-6842-41d2-aecd-344da3f3f537 (STDOUT, API)#
#2026 04 25 20:36:34.737#Z#DEBUG#2db4431f-40e6-11f1-86c8-eeee0a862934.tms-cockpit-srv#flowable-async-job-executor-thread-9250#
[PollStageAppStatusExecution] ca7dbefe-d26b-4ced-a8ea-65938265c9d1 [2026-04-25T20:36:29.158548] Cell ef3a2fa4-5559-4d32-8c47-3d60d54444eb successfully destroyed container for instance 5352453c-6842-41d2-aecd-344da3f3f537 (STDOUT, STG)#
#2026 04 25 20:36:44.696#Z#DEBUG#2db4431f-40e6-11f1-86c8-eeee0a862934.tms-cockpit-srv#flowable-async-job-executor-thread-9256#
[PollStartAppStatusExecution] ca7dbefe-d26b-4ced-a8ea-65938265c9d1 [2026-04-25T20:36:34.813483] Updated app with guid ca7dbefe-d26b-4ced-a8ea-65938265c9d1 ({:droplet_guid=>"4c493988-5ef3-4b0d-b95d-16376c0ed6ee"}) (STDOUT, API)#
#2026 04 25 20:36:44.696#Z#DEBUG#2db4431f-40e6-11f1-86c8-eeee0a862934.tms-cockpit-srv#flowable-async-job-executor-thread-9256#
[PollStartAppStatusExecution] ca7dbefe-d26b-4ced-a8ea-65938265c9d1 [2026-04-25T20:36:35.017485] Creating revision for app with guid ca7dbefe-d26b-4ced-a8ea-65938265c9d1 (STDOUT, API)#
#2026 04 25 20:36:44.696#Z#DEBUG#2db4431f-40e6-11f1-86c8-eeee0a862934.tms-cockpit-srv#flowable-async-job-executor-thread-9256#
[PollStartAppStatusExecution] ca7dbefe-d26b-4ced-a8ea-65938265c9d1 [2026-04-25T20:36:35.054087] Starting app with guid ca7dbefe-d26b-4ced-a8ea-65938265c9d1 (STDOUT, API)#
#2026 04 25 20:36:44.696#Z#DEBUG#2db4431f-40e6-11f1-86c8-eeee0a862934.tms-cockpit-srv#flowable-async-job-executor-thread-9256#
[PollStartAppStatusExecution] ca7dbefe-d26b-4ced-a8ea-65938265c9d1 [2026-04-25T20:36:35.389901] Cell ef3a2fa4-5559-4d32-8c47-3d60d54444eb creating container for instance b4772f82-9af0-4037-5601-8f80 (STDOUT, CELL)#
#2026 04 25 20:36:44.696#Z#DEBUG#2db4431f-40e6-11f1-86c8-eeee0a862934.tms-cockpit-srv#flowable-async-job-executor-thread-9256#
[PollStartAppStatusExecution] ca7dbefe-d26b-4ced-a8ea-65938265c9d1 [2026-04-25T20:36:35.765217] Security group rules were updated (STDOUT, CELL)#
#2026 04 25 20:36:44.696#Z#DEBUG#2db4431f-40e6-11f1-86c8-eeee0a862934.tms-cockpit-srv#flowable-async-job-executor-thread-9256#
[PollStartAppStatusExecution] ca7dbefe-d26b-4ced-a8ea-65938265c9d1 [2026-04-25T20:36:35.824200] Cell ef3a2fa4-5559-4d32-8c47-3d60d54444eb successfully created container for instance b4772f82-9af0-4037-5601-8f80 (STDOUT, CELL)#
#2026 04 25 20:36:44.696#Z#DEBUG#2db4431f-40e6-11f1-86c8-eeee0a862934.tms-cockpit-srv#flowable-async-job-executor-thread-9256#
[PollStartAppStatusExecution] ca7dbefe-d26b-4ced-a8ea-65938265c9d1 [2026-04-25T20:36:36.438774] Downloading droplet... (STDOUT, CELL)#
#2026 04 25 20:36:44.696#Z#DEBUG#2db4431f-40e6-11f1-86c8-eeee0a862934.tms-cockpit-srv#flowable-async-job-executor-thread-9256#
[PollStartAppStatusExecution] ca7dbefe-d26b-4ced-a8ea-65938265c9d1 [2026-04-25T20:36:40.582480] Downloaded droplet (70.5M) (STDOUT, CELL)#
#2026 04 25 20:36:44.696#Z#DEBUG#2db4431f-40e6-11f1-86c8-eeee0a862934.tms-cockpit-srv#flowable-async-job-executor-thread-9256#
[PollStartAppStatusExecution] ca7dbefe-d26b-4ced-a8ea-65938265c9d1 [2026-04-25T20:36:40.582660] Starting health monitoring of container (STDOUT, CELL)#
#2026 04 25 20:36:44.696#Z#DEBUG#2db4431f-40e6-11f1-86c8-eeee0a862934.tms-cockpit-srv#flowable-async-job-executor-thread-9256#
[PollStartAppStatusExecution] ca7dbefe-d26b-4ced-a8ea-65938265c9d1 [2026-04-25T20:36:40.646527] Invoking pre-start scripts. (STDOUT, APP/PROC/WEB)#
#2026 04 25 20:36:44.696#Z#DEBUG#2db4431f-40e6-11f1-86c8-eeee0a862934.tms-cockpit-srv#flowable-async-job-executor-thread-9256#
[PollStartAppStatusExecution] ca7dbefe-d26b-4ced-a8ea-65938265c9d1 [2026-04-25T20:36:40.787240] Invoking start command. (STDOUT, APP/PROC/WEB)#
#2026 04 25 20:36:44.696#Z#DEBUG#2db4431f-40e6-11f1-86c8-eeee0a862934.tms-cockpit-srv#flowable-async-job-executor-thread-9256#
[PollStartAppStatusExecution] ca7dbefe-d26b-4ced-a8ea-65938265c9d1 [2026-04-25T20:36:41.094005] > tms-cockpit@1.0.0 start (STDOUT, APP/PROC/WEB)#
#2026 04 25 20:36:44.696#Z#DEBUG#2db4431f-40e6-11f1-86c8-eeee0a862934.tms-cockpit-srv#flowable-async-job-executor-thread-9256#
[PollStartAppStatusExecution] ca7dbefe-d26b-4ced-a8ea-65938265c9d1 [2026-04-25T20:36:41.094029] > cds-serve (STDOUT, APP/PROC/WEB)#
#2026 04 25 20:36:44.696#Z#DEBUG#2db4431f-40e6-11f1-86c8-eeee0a862934.tms-cockpit-srv#flowable-async-job-executor-thread-9256#
[PollStartAppStatusExecution] ca7dbefe-d26b-4ced-a8ea-65938265c9d1 [2026-04-25T20:36:41.408068] {"level":"info","logger":"cds","timestamp":"2026-04-25T20:36:41.406Z","layer":"cds","component_type":"application","container_id":"10.0.201.3","component_id":"ca7dbefe-d26b-4ced-a8ea-65938265c9d1","component_name":"tms-cockpit-srv","component_instance":0,"source_instance":0,"organization_name":"innoverv-dev","organization_id":"469fd7a3-f5e2-42db-a5a5-6ba086da05fe","space_name":"dev","space_id":"a31ff513-8070-4c31-a676-f1273c241b11","msg":"loaded model from 1 file(s):\n ","type":"log"} (STDOUT, APP/PROC/WEB)#
#2026 04 25 20:36:44.696#Z#DEBUG#2db4431f-40e6-11f1-86c8-eeee0a862934.tms-cockpit-srv#flowable-async-job-executor-thread-9256#
[PollStartAppStatusExecution] ca7dbefe-d26b-4ced-a8ea-65938265c9d1 [2026-04-25T20:36:41.408197] srv/csn.json (STDOUT, APP/PROC/WEB)#
#2026 04 25 20:36:44.696#Z#DEBUG#2db4431f-40e6-11f1-86c8-eeee0a862934.tms-cockpit-srv#flowable-async-job-executor-thread-9256#
[PollStartAppStatusExecution] ca7dbefe-d26b-4ced-a8ea-65938265c9d1 [2026-04-25T20:36:41.591923] {"level":"info","logger":"cds","timestamp":"2026-04-25T20:36:41.591Z","layer":"cds","component_type":"application","container_id":"10.0.201.3","component_id":"ca7dbefe-d26b-4ced-a8ea-65938265c9d1","component_name":"tms-cockpit-srv","component_instance":0,"source_instance":0,"organization_name":"innoverv-dev","organization_id":"469fd7a3-f5e2-42db-a5a5-6ba086da05fe","space_name":"dev","space_id":"a31ff513-8070-4c31-a676-f1273c241b11","msg":"connect to db > hana {\n  database_id: '9f2b1094-320c-47ce-a076-9a9c697dd7eb',\n  host: '9f2b1094-320c-47ce-a076-9a9c697dd7eb.hana.prod-us10.hanacloud.ondemand.com',\n  port: '443',\n  driver: 'com.sap.db.jdbc.Driver',\n  url: 'jdbc:sap://9f2b1094-320c-47ce-a076-9a9c697dd7eb.hana.prod-us10.hanacloud.ondemand.com:443?encrypt=true&validateCertificate=true&currentschema=64829FA82453447FB7837E0FE1D1FDCD',\n  schema: '64829FA82453447FB7837E0FE1D1FDCD',\n  certificate: '...',\n  hdi_user: '64829FA82453447FB7837E0FE1D1FDCD_7IITV0EHWDDY6QJHVR1UDTOXY_DT',\n  hdi_password: '...',\n  user: '64829FA82453447FB7837E0FE1D1FDCD_7IITV0EHWDDY6QJHVR1UDTOXY_RT',\n  password: '...'\n}","type":"log"} (STDOUT, APP/PROC/WEB)#
#2026 04 25 20:36:44.696#Z#DEBUG#2db4431f-40e6-11f1-86c8-eeee0a862934.tms-cockpit-srv#flowable-async-job-executor-thread-9256#
[PollStartAppStatusExecution] ca7dbefe-d26b-4ced-a8ea-65938265c9d1 [2026-04-25T20:36:41.780262] ◇ injected env (0) from .env // tip: ⌘ multiple files { path: ['.env.local', '.env'] } (STDOUT, APP/PROC/WEB)#
#2026 04 25 20:36:44.696#Z#DEBUG#2db4431f-40e6-11f1-86c8-eeee0a862934.tms-cockpit-srv#flowable-async-job-executor-thread-9256#
[PollStartAppStatusExecution] ca7dbefe-d26b-4ced-a8ea-65938265c9d1 [2026-04-25T20:36:41.801470] {"level":"info","logger":"attachments","timestamp":"2026-04-25T20:36:41.801Z","layer":"cds","component_type":"application","container_id":"10.0.201.3","component_id":"ca7dbefe-d26b-4ced-a8ea-65938265c9d1","component_name":"tms-cockpit-srv","component_instance":0,"source_instance":0,"organization_name":"innoverv-dev","organization_id":"469fd7a3-f5e2-42db-a5a5-6ba086da05fe","space_name":"dev","space_id":"a31ff513-8070-4c31-a676-f1273c241b11","msg":"Using aws-s3 for attachments management.","type":"log"} (STDOUT, APP/PROC/WEB)#
#2026 04 25 20:36:44.696#Z#DEBUG#2db4431f-40e6-11f1-86c8-eeee0a862934.tms-cockpit-srv#flowable-async-job-executor-thread-9256#
[PollStartAppStatusExecution] ca7dbefe-d26b-4ced-a8ea-65938265c9d1 [2026-04-25T20:36:41.895490] {"level":"warn","logger":"cds","timestamp":"2026-04-25T20:36:41.895Z","layer":"cds","component_type":"application","container_id":"10.0.201.3","component_id":"ca7dbefe-d26b-4ced-a8ea-65938265c9d1","component_name":"tms-cockpit-srv","component_instance":0,"source_instance":0,"organization_name":"innoverv-dev","organization_id":"469fd7a3-f5e2-42db-a5a5-6ba086da05fe","space_name":"dev","space_id":"a31ff513-8070-4c31-a676-f1273c241b11","msg":"\u001b[33m \n------------------------------------------------------------------------------ \nDEPRECATED: cds.requires.<srv>.outbox \n \n   Config cds.requires.<srv>.outbox is deprecated and will be removed in upcoming releases! \n   => Please use cds.requires.<srv>.outboxed instead. \n \n------------------------------------------------------------------------------\n \u001b[0m","type":"log"} (STDERR, APP/PROC/WEB)#
#2026 04 25 20:36:44.696#Z#DEBUG#2db4431f-40e6-11f1-86c8-eeee0a862934.tms-cockpit-srv#flowable-async-job-executor-thread-9256#
[PollStartAppStatusExecution] ca7dbefe-d26b-4ced-a8ea-65938265c9d1 [2026-04-25T20:36:41.895558] {"level":"info","logger":"cds","timestamp":"2026-04-25T20:36:41.895Z","layer":"cds","component_type":"application","container_id":"10.0.201.3","component_id":"ca7dbefe-d26b-4ced-a8ea-65938265c9d1","component_name":"tms-cockpit-srv","component_instance":0,"source_instance":0,"organization_name":"innoverv-dev","organization_id":"469fd7a3-f5e2-42db-a5a5-6ba086da05fe","space_name":"dev","space_id":"a31ff513-8070-4c31-a676-f1273c241b11","msg":"connect to attachments > standard ","type":"log"} (STDOUT, APP/PROC/WEB)#
#2026 04 25 20:36:44.696#Z#DEBUG#2db4431f-40e6-11f1-86c8-eeee0a862934.tms-cockpit-srv#flowable-async-job-executor-thread-9256#
[PollStartAppStatusExecution] ca7dbefe-d26b-4ced-a8ea-65938265c9d1 [2026-04-25T20:36:41.897983] {"level":"info","logger":"cds","timestamp":"2026-04-25T20:36:41.897Z","layer":"cds","component_type":"application","container_id":"10.0.201.3","component_id":"ca7dbefe-d26b-4ced-a8ea-65938265c9d1","component_name":"tms-cockpit-srv","component_instance":0,"source_instance":0,"organization_name":"innoverv-dev","organization_id":"469fd7a3-f5e2-42db-a5a5-6ba086da05fe","space_name":"dev","space_id":"a31ff513-8070-4c31-a676-f1273c241b11","msg":"using auth strategy { kind: 'xsuaa' }","type":"log"} (STDOUT, APP/PROC/WEB)#
#2026 04 25 20:36:44.696#Z#DEBUG#2db4431f-40e6-11f1-86c8-eeee0a862934.tms-cockpit-srv#flowable-async-job-executor-thread-9256#
[PollStartAppStatusExecution] ca7dbefe-d26b-4ced-a8ea-65938265c9d1 [2026-04-25T20:36:41.917581] {"level":"info","logger":"cds","timestamp":"2026-04-25T20:36:41.917Z","layer":"cds","component_type":"application","container_id":"10.0.201.3","component_id":"ca7dbefe-d26b-4ced-a8ea-65938265c9d1","component_name":"tms-cockpit-srv","component_instance":0,"source_instance":0,"organization_name":"innoverv-dev","organization_id":"469fd7a3-f5e2-42db-a5a5-6ba086da05fe","space_name":"dev","space_id":"a31ff513-8070-4c31-a676-f1273c241b11","msg":"serving ShipmentService {\n  at: [ '/odata/v4/shipment' ],\n  decl: 'srv/csn.json:524',\n  impl: 'srv/tms-service.js'\n}","type":"log"} (STDOUT, APP/PROC/WEB)#
#2026 04 25 20:36:44.696#Z#DEBUG#2db4431f-40e6-11f1-86c8-eeee0a862934.tms-cockpit-srv#flowable-async-job-executor-thread-9256#
[PollStartAppStatusExecution] ca7dbefe-d26b-4ced-a8ea-65938265c9d1 [2026-04-25T20:36:41.921729] {"level":"info","logger":"cds","timestamp":"2026-04-25T20:36:41.921Z","layer":"cds","component_type":"application","container_id":"10.0.201.3","component_id":"ca7dbefe-d26b-4ced-a8ea-65938265c9d1","component_name":"tms-cockpit-srv","component_instance":0,"source_instance":0,"organization_name":"innoverv-dev","organization_id":"469fd7a3-f5e2-42db-a5a5-6ba086da05fe","space_name":"dev","space_id":"a31ff513-8070-4c31-a676-f1273c241b11","msg":"server listening on { url: 'http://localhost:8080' }","type":"log"} (STDOUT, APP/PROC/WEB)#
#2026 04 25 20:36:44.696#Z#DEBUG#2db4431f-40e6-11f1-86c8-eeee0a862934.tms-cockpit-srv#flowable-async-job-executor-thread-9256#
[PollStartAppStatusExecution] ca7dbefe-d26b-4ced-a8ea-65938265c9d1 [2026-04-25T20:36:41.921762] {"level":"info","logger":"cds","timestamp":"2026-04-25T20:36:41.921Z","layer":"cds","component_type":"application","container_id":"10.0.201.3","component_id":"ca7dbefe-d26b-4ced-a8ea-65938265c9d1","component_name":"tms-cockpit-srv","component_instance":0,"source_instance":0,"organization_name":"innoverv-dev","organization_id":"469fd7a3-f5e2-42db-a5a5-6ba086da05fe","space_name":"dev","space_id":"a31ff513-8070-4c31-a676-f1273c241b11","msg":"server v9.9.0 launched in 818 ms","type":"log"} (STDOUT, APP/PROC/WEB)#
#2026 04 25 20:36:44.696#Z#DEBUG#2db4431f-40e6-11f1-86c8-eeee0a862934.tms-cockpit-srv#flowable-async-job-executor-thread-9256#
[PollStartAppStatusExecution] ca7dbefe-d26b-4ced-a8ea-65938265c9d1 [2026-04-25T20:36:43.394767] Container became healthy (STDOUT, CELL)#
#2026 04 25 20:36:44.696#Z#DEBUG#2db4431f-40e6-11f1-86c8-eeee0a862934.tms-cockpit-srv#flowable-async-job-executor-thread-9256#
[PollStartAppStatusExecution] ca7dbefe-d26b-4ced-a8ea-65938265c9d1 [2026-04-25T20:36:43.422809] Process became ready with guid ca7dbefe-d26b-4ced-a8ea-65938265c9d1 payload: {"instance"=>"b4772f82-9af0-4037-5601-8f80", "index"=>0, "cell_id"=>"ef3a2fa4-5559-4d32-8c47-3d60d54444eb", "ready"=>true, "version"=>"69562a11-033f-41a3-87d8-0a298cd3afe2"} (STDOUT, API)#
